INFO:root:Waking up at the bottom of a tub 2022-09-06 20:16:01.186299 
INFO:root:Let The Game Begin 2022-09-06 20:16:16.550477
INFO:root:Waking up at the bottom of a tub 2022-09-06 20:16:36.454037 
INFO:root:Let The Game Begin 2022-09-06 20:16:53.915746
INFO:root:You Have Chosen DEATH!!! GOODBYE 2022-09-06 20:17:12.188755
INFO:root:You choose to suffer all alone 2022-09-06 20:17:18.929774
INFO:root:You choose to saw your foot off 2022-09-06 20:17:29.259260
INFO:root:Waking up at the bottom of a tub 2022-09-06 20:17:29.259415 
INFO:root:Waking up at the bottom of a tub 2022-09-06 20:20:32.832252 
INFO:root:Let The Game Begin 2022-09-06 20:20:40.628298
INFO:root:You Have Chosen DEATH!!! GOODBYE 2022-09-06 20:20:48.286875
INFO:root:You choose to suffer all alone 2022-09-06 20:20:52.587064
INFO:root:You choose to saw your foot off 2022-09-06 20:20:57.170092
INFO:root:Tim ends with 10 turns.
INFO:root:The Game took 0:00:24.338068 time.
INFO:root:Waking up at the bottom of a tub 2022-09-06 20:22:07.814828 
INFO:root:Let The Game Begin 2022-09-06 20:22:20.566110
INFO:root:You Have Chosen DEATH!!! GOODBYE 2022-09-06 20:22:32.384921
INFO:root:You choose to suffer all alone 2022-09-06 20:22:35.146337
INFO:root:You choose to saw your foot off 2022-09-06 20:22:39.000048
INFO:root:Waking up at the bottom of a tub 2022-09-06 20:22:39.000222 
INFO:root:Waking up at the bottom of a tub 2022-09-06 20:23:57.032771 
INFO:root:Let The Game Begin 2022-09-06 20:24:07.725617
INFO:root:You Have Chosen DEATH!!! GOODBYE 2022-09-06 20:24:11.385671
INFO:root:You choose to suffer all alone 2022-09-06 20:24:14.517732
INFO:root:You choose to saw your foot off 2022-09-06 20:24:20.607400
INFO:root:Waking up at the bottom of a tub 2022-09-06 20:24:20.607544 
INFO:root:Waking up at the bottom of a tub 2022-09-06 20:25:38.436546 
INFO:root:Let The Game Begin 2022-09-06 20:25:46.780162
INFO:root:You Have Chosen DEATH!!! GOODBYE 2022-09-06 20:25:49.047098
INFO:root:You choose to suffer all alone 2022-09-06 20:25:52.327207
INFO:root:You choose to saw your foot off 2022-09-06 20:25:56.196190
INFO:root:Waking up at the bottom of a tub 2022-09-06 20:25:56.196361 
INFO:root:Waking up at the bottom of a tub 2022-09-06 20:26:56.065080 
INFO:root:Let The Game Begin 2022-09-06 20:27:12.492409
INFO:root:You Have Chosen DEATH!!! GOODBYE 2022-09-06 20:27:14.472659
INFO:root:You choose to suffer all alone 2022-09-06 20:27:17.198559
INFO:root:You choose to saw your foot off 2022-09-06 20:27:20.862701
INFO:root:Waking up at the bottom of a tub 2022-09-06 20:27:21.864747 
INFO:root:Waking up at the bottom of a tub 2022-09-06 20:28:16.414425 
INFO:root:Let The Game Begin 2022-09-06 20:28:24.098879
INFO:root:You Have Chosen DEATH!!! GOODBYE 2022-09-06 20:28:26.538179
INFO:root:You choose to suffer all alone 2022-09-06 20:28:29.148190
INFO:root:You choose to saw your foot off 2022-09-06 20:28:33.385881
INFO:root:Waking up at the bottom of a tub 2022-09-06 20:28:38.390337 
INFO:root:Waking up at the bottom of a tub 2022-09-06 20:33:19.478259 
INFO:root:Waking up at the bottom of a tub 2022-09-06 20:35:29.913738 
INFO:root:Waking up at the bottom of a tub 2022-09-06 20:36:09.440952 
INFO:root:Waking up at the bottom of a tub 2022-09-06 20:36:47.961769 
INFO:root:Waking up at the bottom of a tub 2022-09-06 20:37:43.438052 
INFO:root:Let The Game Begin 2022-09-06 20:38:12.132120
INFO:root:You Have Chosen DEATH!!! GOODBYE 2022-09-06 20:38:51.021691
INFO:root:You choose to play the tape recorder2022-09-06 20:40:04.638840
INFO:root:You chose to pull the handle to escape 2022-09-06 20:40:55.086042
INFO:root:You chose to saw your foot off to escape 2022-09-06 20:41:55.580669
INFO:root:Waking up at the bottom of a tub 2022-09-06 20:42:20.373769 
INFO:root:Waking up at the bottom of a tub 2022-09-06 20:42:30.761955 
INFO:root:Let The Game Begin 2022-09-06 20:43:32.414384
INFO:root:Waking up at the bottom of a tub 2022-09-06 20:46:50.011528 
INFO:root:Let The Game Begin 2022-09-06 20:47:06.122027
INFO:root:Waking up at the bottom of a tub 2022-09-06 20:49:44.748912 
INFO:root:Waking up at the bottom of a tub 2022-09-06 20:50:29.951022 
INFO:root:Let The Game Begin 2022-09-06 20:50:45.390267
INFO:root:You Have Chosen DEATH!!! GOODBYE 2022-09-06 20:50:46.883054
INFO:root:You choose to play the tape recorder2022-09-06 20:50:48.626700
INFO:root:You chose to pull the handle to escape 2022-09-06 20:51:01.823379
INFO:root:You chose to saw your foot off to escape 2022-09-06 20:51:06.511553
INFO:root:Waking up at the bottom of a tub 2022-09-06 20:51:12.532029 
INFO:root:Let The Game Begin 2022-09-06 20:51:18.027117
INFO:root:Waking up at the bottom of a tub 2022-09-06 20:51:22.646632 
INFO:root:Let The Game Begin 2022-09-06 20:51:35.115089
INFO:root:Waking up at the bottom of a tub 2022-09-06 20:51:41.116035 
INFO:root:Let The Game Begin 2022-09-06 20:51:47.806003
INFO:root:You Have Chosen DEATH!!! GOODBYE 2022-09-06 20:51:48.922178
INFO:root:You choose to suffer all alone 2022-09-06 20:51:50.663859
INFO:root:Listen to the tape to find the key 2022-09-06 20:51:53.769646 
INFO:root:You chose to saw your foot off to escape 2022-09-06 20:52:04.758522
INFO:root:Waking up at the bottom of a tub 2022-09-06 21:13:23.959202 
INFO:root:Let The Game Begin 2022-09-06 21:16:14.984314
INFO:root:You Have Chosen DEATH!!! GOODBYE 2022-09-06 21:16:28.447383
INFO:root:You choose to suffer all alone 2022-09-06 21:17:45.944378
INFO:root:Listen to the tape to find the key 2022-09-06 21:18:02.031103 
INFO:root:You chose to reach for the switch while blades are spinning
INFO:root:Waking up at the bottom of a tub 2022-09-06 21:20:14.987778 
INFO:root:Let The Game Begin 2022-09-06 21:20:38.939194
INFO:root:You Have Chosen DEATH!!! GOODBYE 2022-09-06 21:20:52.630909
INFO:root:You choose to play the tape recorder2022-09-06 21:21:17.869605
INFO:root:You chose to reach for the switch while blades are spinning
INFO:root:Waking up at the bottom of a tub 2022-09-06 21:26:17.286447 
INFO:root:Let The Game Begin 2022-09-06 21:26:34.717417
INFO:root:Waking up at the bottom of a tub 2022-09-06 21:27:34.327648 
INFO:root:Let The Game Begin 2022-09-06 21:27:45.211043
INFO:root:You Have Chosen DEATH!!! GOODBYE 2022-09-06 21:27:50.368394
INFO:root:You choose to play the tape recorder2022-09-06 21:27:54.063180
INFO:root:You chose to pull the handle to escape 2022-09-06 21:28:00.327764
INFO:root:You chose to reach for the switch while blades are spinning
INFO:root:Waking up at the bottom of a tub 2022-09-06 21:28:48.568102 
INFO:root:Let The Game Begin 2022-09-06 21:30:26.567170
INFO:root:You Have Chosen DEATH!!! GOODBYE 2022-09-06 21:30:52.093951
INFO:root:You choose to play the tape recorder2022-09-06 21:31:23.538064
INFO:root:You chose to reach for the switch while blades are spinning
INFO:root:Waking up at the bottom of a tub 2022-09-07 15:06:19.705356 
INFO:root:Waking up at the bottom of a tub 2022-09-07 15:06:56.150050 
INFO:root:Let The Game Begin 2022-09-07 15:07:07.392881
INFO:root:You Have Chosen DEATH!!! GOODBYE 2022-09-07 15:07:15.101851
INFO:root:You choose to suffer all alone 2022-09-07 15:07:25.383713
INFO:root:You chose to saw your foot off 2022-09-07 15:07:33.545567
INFO:root:Waking up at the bottom of a tub 2022-09-07 15:07:38.550776 
INFO:root:Waking up at the bottom of a tub 2022-09-07 15:08:22.006490 
INFO:root:Let The Game Begin 2022-09-07 15:08:33.395306
INFO:root:You Have Chosen DEATH!!! GOODBYE 2022-09-07 15:08:38.699320
INFO:root:You choose to suffer all alone 2022-09-07 15:08:46.379148
INFO:root:You chose to saw your foot off 2022-09-07 15:08:54.486912
INFO:root:Waking up at the bottom of a tub 2022-09-07 15:09:09.491669 
INFO:root:Waking up at the bottom of a tub 2022-09-07 15:09:45.122430 
INFO:root:Let The Game Begin 2022-09-07 15:09:57.100840
INFO:root:You Have Chosen DEATH!!! GOODBYE 2022-09-07 15:09:59.049977
INFO:root:You choose to suffer all alone 2022-09-07 15:10:01.836550
INFO:root:You chose to saw your foot off 2022-09-07 15:10:07.355951
INFO:root:Waking up at the bottom of a tub 2022-09-07 15:10:17.360068 
INFO:root:Let The Game Begin 2022-09-07 15:10:35.136299
INFO:root:Waking up at the bottom of a tub 2022-09-07 15:11:37.843442 
INFO:root:Let The Game Begin 2022-09-07 15:11:55.686955
INFO:root:You Have Chosen DEATH!!! GOODBYE 2022-09-07 15:11:59.676615
INFO:root:You choose to play the tape recorder2022-09-07 15:12:09.904094
INFO:root:You chose to reach for the switch while blades are spinning
INFO:root:Waking up at the bottom of a tub 2022-09-07 15:13:08.118180 
INFO:root:Waking up at the bottom of a tub 2022-09-08 15:31:46.745181 
INFO:root:Let The Game Begin 2022-09-08 15:32:46.489107
INFO:root:You Have Chosen DEATH!!! GOODBYE 2022-09-08 15:33:27.359081
INFO:root:You choose to play the tape recorder2022-09-08 15:34:02.356027
INFO:root:You chose to pull the handle to escape 2022-09-08 15:37:04.886318
INFO:root:You chose to saw your foot off to escape 2022-09-08 15:37:13.011240
INFO:root:Waking up at the bottom of a tub 2022-09-08 15:38:45.346460 
INFO:root:Waking up at the bottom of a tub 2022-09-09 10:20:11.698977 
INFO:root:Waking up at the bottom of a tub 2022-09-09 10:34:42.934491 
INFO:root:Waking up at the bottom of a tub 2022-09-09 14:18:37.474330 
